Using pre-set license
Built from '2020.2/release' branch; Version is '2020.2.0f1 (3721df5a8b28) revision 3613151'; Using compiler version '192528614'; Build Type 'Release'
OS: 'Windows 10  (10.0.0) 64bit' Language: 'de' Physical Memory: 16313 MB
BatchMode: 1, IsHumanControllingUs: 0, StartBugReporterOnCrash: 0, Is64bit: 1, IsPro: 0

 COMMAND LINE ARGUMENTS:
C:\Program Files\Unity\Hub\Editor\2020.2.0f1\Editor\Unity.exe
-adb2
-batchMode
-noUpm
-name
AssetImportWorker0
-projectPath
D:/GitHub/Tower_Defence_Project/TowerDefense
-logFile
Logs/AssetImportWorker0.log
-srvPort
52246
Successfully changed project path to: D:/GitHub/Tower_Defence_Project/TowerDefense
D:/GitHub/Tower_Defence_Project/TowerDefense
Using Asset Import Pipeline V2.
Refreshing native plugins compatible for Editor in 34.01 ms, found 1 plugins.
Preloading 0 native plugins for Editor in 0.00 ms.
Initialize engine version: 2020.2.0f1 (3721df5a8b28)
[Subsystems] Discovering subsystems at path C:/Program Files/Unity/Hub/Editor/2020.2.0f1/Editor/Data/Resources/UnitySubsystems
[Subsystems] Discovering subsystems at path D:/GitHub/Tower_Defence_Project/TowerDefense/Assets
GfxDevice: creating device client; threaded=0
Direct3D:
    Version:  Direct3D 11.0 [level 11.1]
    Renderer: NVIDIA GeForce RTX 2060 (ID=0x1f08)
    Vendor:   
    VRAM:     5980 MB
    Driver:   26.21.14.4274
Initialize mono
Mono path[0] = 'C:/Program Files/Unity/Hub/Editor/2020.2.0f1/Editor/Data/Managed'
Mono path[1] = 'C:/Program Files/Unity/Hub/Editor/2020.2.0f1/Editor/Data/MonoBleedingEdge/lib/mono/unityjit'
Mono config path = 'C:/Program Files/Unity/Hub/Editor/2020.2.0f1/Editor/Data/MonoBleedingEdge/etc'
Using monoOptions --debugger-agent=transport=dt_socket,embedding=1,server=y,suspend=n,address=127.0.0.1:56028
Begin MonoManager ReloadAssembly
Registering precompiled unity dll's ...
Register platform support module: C:/Program Files/Unity/Hub/Editor/2020.2.0f1/Editor/Data/PlaybackEngines/WindowsStandaloneSupport/UnityEditor.WindowsStandalone.Extensions.dll
Registered in 0.001761 seconds.
Native extension for WindowsStandalone target not found
Refreshing native plugins compatible for Editor in 34.09 ms, found 1 plugins.
Preloading 0 native plugins for Editor in 0.00 ms.
Invoked RoslynAnalysisRunner static constructor.
RoslynAnalysisRunner will not be running.
RoslynAnalysisRunner has terminated.
Mono: successfully reloaded assembly
- Completed reload, in  1.196 seconds
Platform modules already initialized, skipping
Registering precompiled user dll's ...
Registered in 0.000706 seconds.
Begin MonoManager ReloadAssembly
Native extension for WindowsStandalone target not found
Refreshing native plugins compatible for Editor in 39.17 ms, found 1 plugins.
Preloading 0 native plugins for Editor in 0.00 ms.
Invoked RoslynAnalysisRunner static constructor.
RoslynAnalysisRunner will not be running.
RoslynAnalysisRunner has terminated.
Mono: successfully reloaded assembly
- Completed reload, in  0.869 seconds
Platform modules already initialized, skipping
========================================================================
Worker process is ready to serve import requests
Launched and connected shader compiler UnityShaderCompiler.exe after 0.03 seconds
Refreshing native plugins compatible for Editor in 0.45 ms, found 1 plugins.
Preloading 0 native plugins for Editor in 0.00 ms.
Unloading 1769 Unused Serialized files (Serialized files now loaded: 0)
System memory in use before: 83.1 MB.
System memory in use after: 83.2 MB.

Unloading 19 unused Assets to reduce memory usage. Loaded Objects now: 2213.
Total: 2.943600 ms (FindLiveObjects: 0.469700 ms CreateObjectMapping: 0.071500 ms MarkObjects: 2.338100 ms  DeleteObjects: 0.062000 ms)

========================================================================
Received Import Request.
  path: Assets/Marc/Bullet/Bullet1/Bullet.prefab
  artifactKey: Guid(1c6c277686c3fd846acc8b757f210a4a) Importer(815301076,1909f56bfc062723c751e8b465ee728b)
Start importing Assets/Marc/Bullet/Bullet1/Bullet.prefab using Guid(1c6c277686c3fd846acc8b757f210a4a) Importer(815301076,1909f56bfc062723c751e8b465ee728b)  -> (artifact id: 'c6d195c34f5b24222161bf32bc092737') in 0.095940 seconds
  Import took 0.100013 seconds .

========================================================================
Received Prepare
Registering precompiled user dll's ...
Registered in 0.001460 seconds.
Begin MonoManager ReloadAssembly
Native extension for WindowsStandalone target not found
Refreshing native plugins compatible for Editor in 0.42 ms, found 1 plugins.
Preloading 0 native plugins for Editor in 0.00 ms.
Invoked RoslynAnalysisRunner static constructor.
RoslynAnalysisRunner will not be running.
RoslynAnalysisRunner has terminated.
Mono: successfully reloaded assembly
- Completed reload, in  0.990 seconds
Platform modules already initialized, skipping
Refreshing native plugins compatible for Editor in 1.22 ms, found 1 plugins.
Preloading 0 native plugins for Editor in 0.00 ms.
Unloading 1760 Unused Serialized files (Serialized files now loaded: 0)
System memory in use before: 86.1 MB.
System memory in use after: 86.2 MB.

Unloading 10 unused Assets to reduce memory usage. Loaded Objects now: 2222.
Total: 3.898600 ms (FindLiveObjects: 0.695900 ms CreateObjectMapping: 0.069300 ms MarkObjects: 3.014900 ms  DeleteObjects: 0.116100 ms)

========================================================================
Received Import Request.
  Time since last request: 380.745895 seconds.
  path: Assets/Marc/Cannon.png
  artifactKey: Guid(abf669e599cb2d944a9186a847ee8cf9) Importer(815301076,1909f56bfc062723c751e8b465ee728b)
Start importing Assets/Marc/Cannon.png using Guid(abf669e599cb2d944a9186a847ee8cf9) Importer(815301076,1909f56bfc062723c751e8b465ee728b)  -> (artifact id: 'a49fa2417b8c8dfe0e46dd28690e815f') in 0.066596 seconds
  Import took 0.071098 seconds .

========================================================================
Received Prepare
Registering precompiled user dll's ...
Registered in 0.000991 seconds.
Begin MonoManager ReloadAssembly
Native extension for WindowsStandalone target not found
Refreshing native plugins compatible for Editor in 0.56 ms, found 1 plugins.
Preloading 0 native plugins for Editor in 0.00 ms.
Invoked RoslynAnalysisRunner static constructor.
RoslynAnalysisRunner will not be running.
RoslynAnalysisRunner has terminated.
Mono: successfully reloaded assembly
- Completed reload, in  0.895 seconds
Platform modules already initialized, skipping
Refreshing native plugins compatible for Editor in 0.43 ms, found 1 plugins.
Preloading 0 native plugins for Editor in 0.00 ms.
Unloading 1760 Unused Serialized files (Serialized files now loaded: 0)
System memory in use before: 86.2 MB.
System memory in use after: 86.3 MB.

Unloading 8 unused Assets to reduce memory usage. Loaded Objects now: 2228.
Total: 2.289000 ms (FindLiveObjects: 0.549000 ms CreateObjectMapping: 0.059400 ms MarkObjects: 1.661800 ms  DeleteObjects: 0.016300 ms)

========================================================================
Received Import Request.
  Time since last request: 61.739223 seconds.
  path: Assets/Marc/Cannon.png
  artifactKey: Guid(abf669e599cb2d944a9186a847ee8cf9) Importer(815301076,1909f56bfc062723c751e8b465ee728b)
Start importing Assets/Marc/Cannon.png using Guid(abf669e599cb2d944a9186a847ee8cf9) Importer(815301076,1909f56bfc062723c751e8b465ee728b)  -> (artifact id: 'ea99d15a83ed14b29e672e603e5cf9b5') in 0.058552 seconds
  Import took 0.062102 seconds .

========================================================================
Received Import Request.
  Time since last request: 21.088487 seconds.
  path: Assets/Marc/Tower/Tower1.prefab
  artifactKey: Guid(233cf3d0e97c82e4ca5b508a6f0c7d7d) Importer(815301076,1909f56bfc062723c751e8b465ee728b)
Start importing Assets/Marc/Tower/Tower1.prefab using Guid(233cf3d0e97c82e4ca5b508a6f0c7d7d) Importer(815301076,1909f56bfc062723c751e8b465ee728b)  -> (artifact id: 'be99dbd18cfcdd1a5be6fc88d31eb017') in 0.039289 seconds
  Import took 0.043262 seconds .

========================================================================
Received Import Request.
  Time since last request: 50.408442 seconds.
  path: Assets/Marc/Sprites/Cannon.png
  artifactKey: Guid(abf669e599cb2d944a9186a847ee8cf9) Importer(815301076,1909f56bfc062723c751e8b465ee728b)
Start importing Assets/Marc/Sprites/Cannon.png using Guid(abf669e599cb2d944a9186a847ee8cf9) Importer(815301076,1909f56bfc062723c751e8b465ee728b)  -> (artifact id: 'bd259d73c0e9338195dd1c75209d71f3') in 0.010521 seconds
  Import took 0.014435 seconds .

========================================================================
Received Prepare
Registering precompiled user dll's ...
Registered in 0.001000 seconds.
Begin MonoManager ReloadAssembly
Native extension for WindowsStandalone target not found
Refreshing native plugins compatible for Editor in 0.77 ms, found 1 plugins.
Preloading 0 native plugins for Editor in 0.00 ms.
Invoked RoslynAnalysisRunner static constructor.
RoslynAnalysisRunner will not be running.
RoslynAnalysisRunner has terminated.
Mono: successfully reloaded assembly
- Completed reload, in  0.944 seconds
Platform modules already initialized, skipping
Refreshing native plugins compatible for Editor in 0.59 ms, found 1 plugins.
Preloading 0 native plugins for Editor in 0.00 ms.
Unloading 1760 Unused Serialized files (Serialized files now loaded: 0)
System memory in use before: 86.3 MB.
System memory in use after: 86.4 MB.

Unloading 8 unused Assets to reduce memory usage. Loaded Objects now: 2231.
Total: 2.841800 ms (FindLiveObjects: 0.339700 ms CreateObjectMapping: 0.044000 ms MarkObjects: 2.430600 ms  DeleteObjects: 0.025200 ms)

========================================================================
Received Prepare
Registering precompiled user dll's ...
Registered in 0.000857 seconds.
Begin MonoManager ReloadAssembly
Native extension for WindowsStandalone target not found
Refreshing native plugins compatible for Editor in 0.50 ms, found 1 plugins.
Preloading 0 native plugins for Editor in 0.00 ms.
Invoked RoslynAnalysisRunner static constructor.
RoslynAnalysisRunner will not be running.
RoslynAnalysisRunner has terminated.
Mono: successfully reloaded assembly
- Completed reload, in  0.863 seconds
Platform modules already initialized, skipping
Refreshing native plugins compatible for Editor in 0.50 ms, found 1 plugins.
Preloading 0 native plugins for Editor in 0.00 ms.
Unloading 1760 Unused Serialized files (Serialized files now loaded: 0)
System memory in use before: 86.3 MB.
System memory in use after: 86.5 MB.

Unloading 8 unused Assets to reduce memory usage. Loaded Objects now: 2233.
Total: 3.627300 ms (FindLiveObjects: 1.104900 ms CreateObjectMapping: 0.071100 ms MarkObjects: 2.429000 ms  DeleteObjects: 0.020300 ms)

========================================================================
Received Prepare
Registering precompiled user dll's ...
Registered in 0.001538 seconds.
Begin MonoManager ReloadAssembly
Native extension for WindowsStandalone target not found
Refreshing native plugins compatible for Editor in 0.44 ms, found 1 plugins.
Preloading 0 native plugins for Editor in 0.00 ms.
Invoked RoslynAnalysisRunner static constructor.
RoslynAnalysisRunner will not be running.
RoslynAnalysisRunner has terminated.
Mono: successfully reloaded assembly
- Completed reload, in  0.854 seconds
Platform modules already initialized, skipping
Refreshing native plugins compatible for Editor in 0.53 ms, found 1 plugins.
Preloading 0 native plugins for Editor in 0.00 ms.
Unloading 1760 Unused Serialized files (Serialized files now loaded: 0)
System memory in use before: 86.4 MB.
System memory in use after: 86.5 MB.

Unloading 8 unused Assets to reduce memory usage. Loaded Objects now: 2235.
Total: 2.628000 ms (FindLiveObjects: 0.600000 ms CreateObjectMapping: 0.137200 ms MarkObjects: 1.865000 ms  DeleteObjects: 0.024000 ms)

========================================================================
Received Prepare
Registering precompiled user dll's ...
Registered in 0.001494 seconds.
Begin MonoManager ReloadAssembly
Native extension for WindowsStandalone target not found
Refreshing native plugins compatible for Editor in 0.53 ms, found 1 plugins.
Preloading 0 native plugins for Editor in 0.00 ms.
Invoked RoslynAnalysisRunner static constructor.
RoslynAnalysisRunner will not be running.
RoslynAnalysisRunner has terminated.
Mono: successfully reloaded assembly
- Completed reload, in  0.912 seconds
Platform modules already initialized, skipping
Refreshing native plugins compatible for Editor in 0.41 ms, found 1 plugins.
Preloading 0 native plugins for Editor in 0.00 ms.
Unloading 1760 Unused Serialized files (Serialized files now loaded: 0)
System memory in use before: 86.5 MB.
System memory in use after: 86.6 MB.

Unloading 8 unused Assets to reduce memory usage. Loaded Objects now: 2237.
Total: 4.122800 ms (FindLiveObjects: 0.873900 ms CreateObjectMapping: 0.217600 ms MarkObjects: 3.009300 ms  DeleteObjects: 0.020100 ms)

========================================================================
Received Import Request.
  Time since last request: 575.288241 seconds.
  path: Assets/Marc/bomb.png
  artifactKey: Guid(ae8c348cadc734745ba0b8f417fe6d36) Importer(815301076,1909f56bfc062723c751e8b465ee728b)
Start importing Assets/Marc/bomb.png using Guid(ae8c348cadc734745ba0b8f417fe6d36) Importer(815301076,1909f56bfc062723c751e8b465ee728b)  -> (artifact id: 'ef7d0cc997792f489e3355d9319e0d57') in 0.058231 seconds
  Import took 0.062351 seconds .

========================================================================
Received Import Request.
  Time since last request: 14.788904 seconds.
  path: Assets/Marc/Sprites/bomb.png
  artifactKey: Guid(ae8c348cadc734745ba0b8f417fe6d36) Importer(815301076,1909f56bfc062723c751e8b465ee728b)
Start importing Assets/Marc/Sprites/bomb.png using Guid(ae8c348cadc734745ba0b8f417fe6d36) Importer(815301076,1909f56bfc062723c751e8b465ee728b)  -> (artifact id: '357d9404f1962e03107e7f08e30e3712') in 0.027230 seconds
  Import took 0.031464 seconds .

========================================================================
Received Import Request.
  Time since last request: 13.008843 seconds.
  path: Assets/Marc/Bullet/Bullet1/Bullet.prefab
  artifactKey: Guid(1c6c277686c3fd846acc8b757f210a4a) Importer(815301076,1909f56bfc062723c751e8b465ee728b)
Start importing Assets/Marc/Bullet/Bullet1/Bullet.prefab using Guid(1c6c277686c3fd846acc8b757f210a4a) Importer(815301076,1909f56bfc062723c751e8b465ee728b)  -> (artifact id: '057ac58ffcb490c4efb14ea4b9d65037') in 0.036232 seconds
  Import took 0.040521 seconds .

========================================================================
Received Import Request.
  Time since last request: 15.833763 seconds.
  path: Assets/Marc/Bullet/Bullet1/Bullet.prefab
  artifactKey: Guid(1c6c277686c3fd846acc8b757f210a4a) Importer(815301076,1909f56bfc062723c751e8b465ee728b)
Start importing Assets/Marc/Bullet/Bullet1/Bullet.prefab using Guid(1c6c277686c3fd846acc8b757f210a4a) Importer(815301076,1909f56bfc062723c751e8b465ee728b)  -> (artifact id: 'b1aa06fc00d88887890e0a8e80734355') in 0.017884 seconds
  Import took 0.022698 seconds .

========================================================================
Received Import Request.
  Time since last request: 1.578446 seconds.
  path: Assets/Marc/Bullet/Bullet1/Bullet.prefab
  artifactKey: Guid(1c6c277686c3fd846acc8b757f210a4a) Importer(815301076,1909f56bfc062723c751e8b465ee728b)
Start importing Assets/Marc/Bullet/Bullet1/Bullet.prefab using Guid(1c6c277686c3fd846acc8b757f210a4a) Importer(815301076,1909f56bfc062723c751e8b465ee728b)  -> (artifact id: '6effa33d4fcccc93051d99d7a1db0ca6') in 0.017246 seconds
  Import took 0.021472 seconds .

========================================================================
Received Import Request.
  Time since last request: 3.418594 seconds.
  path: Assets/Marc/Bullet/Bullet1/Bullet.prefab
  artifactKey: Guid(1c6c277686c3fd846acc8b757f210a4a) Importer(815301076,1909f56bfc062723c751e8b465ee728b)
Start importing Assets/Marc/Bullet/Bullet1/Bullet.prefab using Guid(1c6c277686c3fd846acc8b757f210a4a) Importer(815301076,1909f56bfc062723c751e8b465ee728b)  -> (artifact id: 'f949fc8739d835797e6a0d82dc8af443') in 0.009975 seconds
  Import took 0.014799 seconds .

========================================================================
Received Prepare
Registering precompiled user dll's ...
Registered in 0.001111 seconds.
Begin MonoManager ReloadAssembly
Native extension for WindowsStandalone target not found
Refreshing native plugins compatible for Editor in 0.42 ms, found 1 plugins.
Preloading 0 native plugins for Editor in 0.00 ms.
Invoked RoslynAnalysisRunner static constructor.
RoslynAnalysisRunner will not be running.
RoslynAnalysisRunner has terminated.
Mono: successfully reloaded assembly
- Completed reload, in  0.864 seconds
Platform modules already initialized, skipping
Refreshing native plugins compatible for Editor in 0.99 ms, found 1 plugins.
Preloading 0 native plugins for Editor in 0.00 ms.
Unloading 1760 Unused Serialized files (Serialized files now loaded: 0)
System memory in use before: 86.6 MB.
System memory in use after: 86.7 MB.

Unloading 8 unused Assets to reduce memory usage. Loaded Objects now: 2240.
Total: 2.865300 ms (FindLiveObjects: 0.532400 ms CreateObjectMapping: 0.044600 ms MarkObjects: 2.268300 ms  DeleteObjects: 0.018800 ms)

========================================================================
Received Import Request.
  Time since last request: 363.754699 seconds.
  path: Assets/Marc/Scrips/Enemy1.cs
  artifactKey: Guid(115cdf4671743f8438cc33d0982e64b4) Importer(815301076,1909f56bfc062723c751e8b465ee728b)
Start importing Assets/Marc/Scrips/Enemy1.cs using Guid(115cdf4671743f8438cc33d0982e64b4) Importer(815301076,1909f56bfc062723c751e8b465ee728b)  -> (artifact id: '0f66c5222e1afd12c241e5d0ddd64d57') in 0.016033 seconds
  Import took 0.019605 seconds .

========================================================================
Received Prepare
Registering precompiled user dll's ...
Registered in 0.001357 seconds.
Begin MonoManager ReloadAssembly
Native extension for WindowsStandalone target not found
Refreshing native plugins compatible for Editor in 0.53 ms, found 1 plugins.
Preloading 0 native plugins for Editor in 0.00 ms.
Invoked RoslynAnalysisRunner static constructor.
RoslynAnalysisRunner will not be running.
RoslynAnalysisRunner has terminated.
Mono: successfully reloaded assembly
- Completed reload, in  0.971 seconds
Platform modules already initialized, skipping
Refreshing native plugins compatible for Editor in 0.55 ms, found 1 plugins.
Preloading 0 native plugins for Editor in 0.00 ms.
Unloading 1761 Unused Serialized files (Serialized files now loaded: 0)
System memory in use before: 86.7 MB.
System memory in use after: 86.8 MB.

Unloading 8 unused Assets to reduce memory usage. Loaded Objects now: 2243.
Total: 2.934100 ms (FindLiveObjects: 0.412300 ms CreateObjectMapping: 0.070100 ms MarkObjects: 2.424500 ms  DeleteObjects: 0.025200 ms)

========================================================================
Received Prepare
Registering precompiled user dll's ...
Registered in 0.000822 seconds.
Begin MonoManager ReloadAssembly
Native extension for WindowsStandalone target not found
Refreshing native plugins compatible for Editor in 0.46 ms, found 1 plugins.
Preloading 0 native plugins for Editor in 0.00 ms.
Invoked RoslynAnalysisRunner static constructor.
RoslynAnalysisRunner will not be running.
RoslynAnalysisRunner has terminated.
Mono: successfully reloaded assembly
- Completed reload, in  0.909 seconds
Platform modules already initialized, skipping
Refreshing native plugins compatible for Editor in 0.49 ms, found 1 plugins.
Preloading 0 native plugins for Editor in 0.00 ms.
Unloading 1761 Unused Serialized files (Serialized files now loaded: 0)
System memory in use before: 86.8 MB.
System memory in use after: 86.9 MB.

Unloading 8 unused Assets to reduce memory usage. Loaded Objects now: 2245.
Total: 3.333500 ms (FindLiveObjects: 0.402700 ms CreateObjectMapping: 0.082000 ms MarkObjects: 2.829000 ms  DeleteObjects: 0.018700 ms)

========================================================================
Received Import Request.
  Time since last request: 27.692799 seconds.
  path: Assets/Marc/Scrips/Enemy1.cs
  artifactKey: Guid(115cdf4671743f8438cc33d0982e64b4) Importer(815301076,1909f56bfc062723c751e8b465ee728b)
Start importing Assets/Marc/Scrips/Enemy1.cs using Guid(115cdf4671743f8438cc33d0982e64b4) Importer(815301076,1909f56bfc062723c751e8b465ee728b)  -> (artifact id: 'fb9ce86f8faf907623608e5a1fe5c910') in 0.006477 seconds
  Import took 0.011369 seconds .

========================================================================
Received Prepare
Registering precompiled user dll's ...
Registered in 0.001365 seconds.
Begin MonoManager ReloadAssembly
Native extension for WindowsStandalone target not found
Refreshing native plugins compatible for Editor in 0.42 ms, found 1 plugins.
Preloading 0 native plugins for Editor in 0.00 ms.
Invoked RoslynAnalysisRunner static constructor.
RoslynAnalysisRunner will not be running.
RoslynAnalysisRunner has terminated.
Mono: successfully reloaded assembly
- Completed reload, in  0.788 seconds
Platform modules already initialized, skipping
Refreshing native plugins compatible for Editor in 0.42 ms, found 1 plugins.
Preloading 0 native plugins for Editor in 0.00 ms.
Unloading 1761 Unused Serialized files (Serialized files now loaded: 0)
System memory in use before: 86.8 MB.
System memory in use after: 87.0 MB.

Unloading 8 unused Assets to reduce memory usage. Loaded Objects now: 2247.
Total: 3.307500 ms (FindLiveObjects: 0.580000 ms CreateObjectMapping: 0.142700 ms MarkObjects: 2.563300 ms  DeleteObjects: 0.019700 ms)

========================================================================
Received Import Request.
  Time since last request: 431.477350 seconds.
  path: Assets/Marc/Enemy/Enemy.prefab
  artifactKey: Guid(254a4b165eee7c145a85bc602c0b19d4) Importer(815301076,1909f56bfc062723c751e8b465ee728b)
Start importing Assets/Marc/Enemy/Enemy.prefab using Guid(254a4b165eee7c145a85bc602c0b19d4) Importer(815301076,1909f56bfc062723c751e8b465ee728b)  -> (artifact id: '078388ae8b95f8c57bf6dcc0f8dfe51e') in 0.064537 seconds
  Import took 0.068852 seconds .

========================================================================
Received Prepare
Registering precompiled user dll's ...
Registered in 0.000902 seconds.
Begin MonoManager ReloadAssembly
Native extension for WindowsStandalone target not found
Refreshing native plugins compatible for Editor in 0.48 ms, found 1 plugins.
Preloading 0 native plugins for Editor in 0.00 ms.
Invoked RoslynAnalysisRunner static constructor.
RoslynAnalysisRunner will not be running.
RoslynAnalysisRunner has terminated.
Mono: successfully reloaded assembly
- Completed reload, in  0.907 seconds
Platform modules already initialized, skipping
Refreshing native plugins compatible for Editor in 1.48 ms, found 1 plugins.
Preloading 0 native plugins for Editor in 0.00 ms.
Unloading 1761 Unused Serialized files (Serialized files now loaded: 0)
System memory in use before: 86.9 MB.
System memory in use after: 87.0 MB.

Unloading 8 unused Assets to reduce memory usage. Loaded Objects now: 2250.
Total: 2.651300 ms (FindLiveObjects: 0.702300 ms CreateObjectMapping: 0.114100 ms MarkObjects: 1.803000 ms  DeleteObjects: 0.030500 ms)

========================================================================
Received Prepare
Registering precompiled user dll's ...
Registered in 0.001090 seconds.
Begin MonoManager ReloadAssembly
Native extension for WindowsStandalone target not found
Refreshing native plugins compatible for Editor in 0.51 ms, found 1 plugins.
Preloading 0 native plugins for Editor in 0.00 ms.
Invoked RoslynAnalysisRunner static constructor.
RoslynAnalysisRunner will not be running.
RoslynAnalysisRunner has terminated.
Mono: successfully reloaded assembly
- Completed reload, in  1.087 seconds
Platform modules already initialized, skipping
Refreshing native plugins compatible for Editor in 0.63 ms, found 1 plugins.
Preloading 0 native plugins for Editor in 0.00 ms.
Unloading 1761 Unused Serialized files (Serialized files now loaded: 0)
System memory in use before: 87.0 MB.
System memory in use after: 87.1 MB.

Unloading 8 unused Assets to reduce memory usage. Loaded Objects now: 2252.
Total: 3.254900 ms (FindLiveObjects: 0.391800 ms CreateObjectMapping: 0.045800 ms MarkObjects: 2.794200 ms  DeleteObjects: 0.020500 ms)

========================================================================
Received Prepare
Registering precompiled user dll's ...
Registered in 0.001347 seconds.
Begin MonoManager ReloadAssembly
Native extension for WindowsStandalone target not found
Refreshing native plugins compatible for Editor in 0.86 ms, found 1 plugins.
Preloading 0 native plugins for Editor in 0.00 ms.
Invoked RoslynAnalysisRunner static constructor.
RoslynAnalysisRunner will not be running.
RoslynAnalysisRunner has terminated.
Mono: successfully reloaded assembly
- Completed reload, in  0.981 seconds
Platform modules already initialized, skipping
Refreshing native plugins compatible for Editor in 0.74 ms, found 1 plugins.
Preloading 0 native plugins for Editor in 0.00 ms.
Unloading 1761 Unused Serialized files (Serialized files now loaded: 0)
System memory in use before: 87.1 MB.
System memory in use after: 87.2 MB.

Unloading 8 unused Assets to reduce memory usage. Loaded Objects now: 2254.
Total: 3.640000 ms (FindLiveObjects: 0.407300 ms CreateObjectMapping: 0.061500 ms MarkObjects: 3.147800 ms  DeleteObjects: 0.021800 ms)

========================================================================
Received Prepare
Registering precompiled user dll's ...
Registered in 0.000842 seconds.
Begin MonoManager ReloadAssembly
Native extension for WindowsStandalone target not found
Refreshing native plugins compatible for Editor in 0.42 ms, found 1 plugins.
Preloading 0 native plugins for Editor in 0.00 ms.
Invoked RoslynAnalysisRunner static constructor.
RoslynAnalysisRunner will not be running.
RoslynAnalysisRunner has terminated.
Mono: successfully reloaded assembly
- Completed reload, in  0.799 seconds
Platform modules already initialized, skipping
Refreshing native plugins compatible for Editor in 0.44 ms, found 1 plugins.
Preloading 0 native plugins for Editor in 0.00 ms.
Unloading 1761 Unused Serialized files (Serialized files now loaded: 0)
System memory in use before: 87.2 MB.
System memory in use after: 87.3 MB.

Unloading 8 unused Assets to reduce memory usage. Loaded Objects now: 2256.
Total: 2.984600 ms (FindLiveObjects: 0.850200 ms CreateObjectMapping: 0.100500 ms MarkObjects: 2.010600 ms  DeleteObjects: 0.021700 ms)

========================================================================
Received Prepare
Registering precompiled user dll's ...
Registered in 0.001288 seconds.
Begin MonoManager ReloadAssembly
Native extension for WindowsStandalone target not found
Refreshing native plugins compatible for Editor in 0.45 ms, found 1 plugins.
Preloading 0 native plugins for Editor in 0.00 ms.
Invoked RoslynAnalysisRunner static constructor.
RoslynAnalysisRunner will not be running.
RoslynAnalysisRunner has terminated.
Mono: successfully reloaded assembly
- Completed reload, in  0.889 seconds
Platform modules already initialized, skipping
Refreshing native plugins compatible for Editor in 0.42 ms, found 1 plugins.
Preloading 0 native plugins for Editor in 0.00 ms.
Unloading 1761 Unused Serialized files (Serialized files now loaded: 0)
System memory in use before: 87.3 MB.
System memory in use after: 87.4 MB.

Unloading 8 unused Assets to reduce memory usage. Loaded Objects now: 2258.
Total: 2.361100 ms (FindLiveObjects: 0.536800 ms CreateObjectMapping: 0.067600 ms MarkObjects: 1.735000 ms  DeleteObjects: 0.020400 ms)

========================================================================
Received Prepare
Registering precompiled user dll's ...
Registered in 0.000913 seconds.
Begin MonoManager ReloadAssembly
Native extension for WindowsStandalone target not found
Refreshing native plugins compatible for Editor in 0.42 ms, found 1 plugins.
Preloading 0 native plugins for Editor in 0.00 ms.
Invoked RoslynAnalysisRunner static constructor.
RoslynAnalysisRunner will not be running.
RoslynAnalysisRunner has terminated.
Mono: successfully reloaded assembly
- Completed reload, in  0.830 seconds
Platform modules already initialized, skipping
Refreshing native plugins compatible for Editor in 0.42 ms, found 1 plugins.
Preloading 0 native plugins for Editor in 0.00 ms.
Unloading 1761 Unused Serialized files (Serialized files now loaded: 0)
System memory in use before: 87.3 MB.
System memory in use after: 87.4 MB.

Unloading 8 unused Assets to reduce memory usage. Loaded Objects now: 2260.
Total: 2.599300 ms (FindLiveObjects: 0.522600 ms CreateObjectMapping: 0.052200 ms MarkObjects: 2.006600 ms  DeleteObjects: 0.016300 ms)

========================================================================
Received Prepare
Registering precompiled user dll's ...
Registered in 0.000838 seconds.
Begin MonoManager ReloadAssembly
Native extension for WindowsStandalone target not found
Refreshing native plugins compatible for Editor in 0.49 ms, found 1 plugins.
Preloading 0 native plugins for Editor in 0.00 ms.
Invoked RoslynAnalysisRunner static constructor.
RoslynAnalysisRunner will not be running.
RoslynAnalysisRunner has terminated.
Mono: successfully reloaded assembly
- Completed reload, in  0.880 seconds
Platform modules already initialized, skipping
Refreshing native plugins compatible for Editor in 0.68 ms, found 1 plugins.
Preloading 0 native plugins for Editor in 0.00 ms.
Unloading 1761 Unused Serialized files (Serialized files now loaded: 0)
System memory in use before: 87.4 MB.
System memory in use after: 87.5 MB.

Unloading 8 unused Assets to reduce memory usage. Loaded Objects now: 2262.
Total: 3.953200 ms (FindLiveObjects: 0.556500 ms CreateObjectMapping: 0.064600 ms MarkObjects: 3.301800 ms  DeleteObjects: 0.028300 ms)

========================================================================
Received Prepare
Registering precompiled user dll's ...
Registered in 0.001125 seconds.
Begin MonoManager ReloadAssembly
Native extension for WindowsStandalone target not found
Refreshing native plugins compatible for Editor in 0.69 ms, found 1 plugins.
Preloading 0 native plugins for Editor in 0.00 ms.
Invoked RoslynAnalysisRunner static constructor.
RoslynAnalysisRunner will not be running.
RoslynAnalysisRunner has terminated.
Mono: successfully reloaded assembly
- Completed reload, in  0.866 seconds
Platform modules already initialized, skipping
Refreshing native plugins compatible for Editor in 0.43 ms, found 1 plugins.
Preloading 0 native plugins for Editor in 0.00 ms.
Unloading 1761 Unused Serialized files (Serialized files now loaded: 0)
System memory in use before: 87.5 MB.
System memory in use after: 87.6 MB.

Unloading 8 unused Assets to reduce memory usage. Loaded Objects now: 2264.
Total: 3.051300 ms (FindLiveObjects: 0.370300 ms CreateObjectMapping: 0.059800 ms MarkObjects: 2.598800 ms  DeleteObjects: 0.020700 ms)

========================================================================
Received Prepare
Registering precompiled user dll's ...
Registered in 0.001096 seconds.
Begin MonoManager ReloadAssembly
Native extension for WindowsStandalone target not found
Refreshing native plugins compatible for Editor in 0.44 ms, found 1 plugins.
Preloading 0 native plugins for Editor in 0.00 ms.
Invoked RoslynAnalysisRunner static constructor.
RoslynAnalysisRunner will not be running.
RoslynAnalysisRunner has terminated.
Mono: successfully reloaded assembly
- Completed reload, in  0.890 seconds
Platform modules already initialized, skipping
Refreshing native plugins compatible for Editor in 0.52 ms, found 1 plugins.
Preloading 0 native plugins for Editor in 0.00 ms.
Unloading 1761 Unused Serialized files (Serialized files now loaded: 0)
System memory in use before: 87.6 MB.
System memory in use after: 87.7 MB.

Unloading 8 unused Assets to reduce memory usage. Loaded Objects now: 2266.
Total: 2.441400 ms (FindLiveObjects: 0.602900 ms CreateObjectMapping: 0.061700 ms MarkObjects: 1.755900 ms  DeleteObjects: 0.019400 ms)

========================================================================
Received Prepare
Registering precompiled user dll's ...
Registered in 0.001033 seconds.
Begin MonoManager ReloadAssembly
Native extension for WindowsStandalone target not found
Refreshing native plugins compatible for Editor in 0.76 ms, found 1 plugins.
Preloading 0 native plugins for Editor in 0.00 ms.
Invoked RoslynAnalysisRunner static constructor.
RoslynAnalysisRunner will not be running.
RoslynAnalysisRunner has terminated.
Mono: successfully reloaded assembly
- Completed reload, in  1.033 seconds
Platform modules already initialized, skipping
Refreshing native plugins compatible for Editor in 0.47 ms, found 1 plugins.
Preloading 0 native plugins for Editor in 0.00 ms.
Unloading 1761 Unused Serialized files (Serialized files now loaded: 0)
System memory in use before: 87.6 MB.
System memory in use after: 87.8 MB.

Unloading 8 unused Assets to reduce memory usage. Loaded Objects now: 2268.
Total: 3.339600 ms (FindLiveObjects: 0.781800 ms CreateObjectMapping: 0.097300 ms MarkObjects: 2.437100 ms  DeleteObjects: 0.021000 ms)

========================================================================
Received Prepare
Registering precompiled user dll's ...
Registered in 0.001513 seconds.
Begin MonoManager ReloadAssembly
Native extension for WindowsStandalone target not found
Refreshing native plugins compatible for Editor in 0.70 ms, found 1 plugins.
Preloading 0 native plugins for Editor in 0.00 ms.
Invoked RoslynAnalysisRunner static constructor.
RoslynAnalysisRunner will not be running.
RoslynAnalysisRunner has terminated.
Mono: successfully reloaded assembly
- Completed reload, in  1.042 seconds
Platform modules already initialized, skipping
Refreshing native plugins compatible for Editor in 0.47 ms, found 1 plugins.
Preloading 0 native plugins for Editor in 0.00 ms.
Unloading 1761 Unused Serialized files (Serialized files now loaded: 0)
System memory in use before: 87.7 MB.
System memory in use after: 87.8 MB.

Unloading 8 unused Assets to reduce memory usage. Loaded Objects now: 2270.
Total: 3.256500 ms (FindLiveObjects: 0.400000 ms CreateObjectMapping: 0.064100 ms MarkObjects: 2.764000 ms  DeleteObjects: 0.026700 ms)

========================================================================
Received Prepare
Registering precompiled user dll's ...
Registered in 0.000919 seconds.
Begin MonoManager ReloadAssembly
Native extension for WindowsStandalone target not found
Refreshing native plugins compatible for Editor in 0.46 ms, found 1 plugins.
Preloading 0 native plugins for Editor in 0.00 ms.
Invoked RoslynAnalysisRunner static constructor.
RoslynAnalysisRunner will not be running.
RoslynAnalysisRunner has terminated.
Mono: successfully reloaded assembly
- Completed reload, in  0.822 seconds
Platform modules already initialized, skipping
Refreshing native plugins compatible for Editor in 0.75 ms, found 1 plugins.
Preloading 0 native plugins for Editor in 0.00 ms.
Unloading 1761 Unused Serialized files (Serialized files now loaded: 0)
System memory in use before: 87.8 MB.
System memory in use after: 87.9 MB.

Unloading 8 unused Assets to reduce memory usage. Loaded Objects now: 2272.
Total: 2.516500 ms (FindLiveObjects: 0.396100 ms CreateObjectMapping: 0.061200 ms MarkObjects: 2.034100 ms  DeleteObjects: 0.023000 ms)

AssetImportWorkerClient::OnTransportError - code=2 error=End of file
